\BOOKMARK [0][-]{section*.1}{Acknowledgements}{}% 1
\BOOKMARK [0][-]{section*.2}{Abstract}{}% 2
\BOOKMARK [0][-]{section*.4}{Outline of the Thesis}{}% 3
\BOOKMARK [-1][]{part.1}{Introduction and Theory}{}% 4
\BOOKMARK [0][-]{chapter.1}{Introduction}{part.1}% 5
\BOOKMARK [1][-]{section.1.1}{Latex Introduction}{chapter.1}% 6
\BOOKMARK [0][-]{chapter.2}{Background Information}{part.1}% 7
\BOOKMARK [1][-]{section.2.1}{Sanitization}{chapter.2}% 8
\BOOKMARK [1][-]{section.2.2}{Declassification}{chapter.2}% 9
\BOOKMARK [1][-]{section.2.3}{Authentication}{chapter.2}% 10
\BOOKMARK [-1][]{part.2}{The 2nd Part}{}% 11
\BOOKMARK [0][-]{chapter.3}{Challenges and Annotation Language Extension}{part.2}% 12
\BOOKMARK [1][-]{section.3.1}{Challenges and Idea}{chapter.3}% 13
\BOOKMARK [1][-]{section.3.2}{Annotation Language Tags}{chapter.3}% 14
\BOOKMARK [0][-]{chapter.4}{Implementation}{part.2}% 15
\BOOKMARK [0][-]{chapter.5}{Experiments}{part.2}% 16
\BOOKMARK [0][-]{chapter.6}{Related Work}{part.2}% 17
\BOOKMARK [0][-]{chapter.7}{Conclusion and Future Work}{part.2}% 18
\BOOKMARK [-1][]{part*.9}{Appendix}{}% 19
\BOOKMARK [0][-]{appendix.A}{Detailed Descriptions}{part*.9}% 20
\BOOKMARK [0][-]{chapter*.10}{Bibliography}{part*.9}% 21
